<?xml version="1.0" encoding="UTF-8"?>
<!-- Generated by org.testng.reporters.JUnitReportReporter -->
<testsuite hostname="DESKTOP-NTEESA4" failures="0" tests="1" name="com.sauceDemo.TestClasses.TC01VerifyLoginFunctioanlity" time="0.978" errors="0" timestamp="2022-02-08T19:43:29 IST" skipped="0">
  <testcase classname="com.sauceDemo.TestClasses.TC01VerifyLoginFunctioanlity" name="verifyLogin" time="0.978"/>
  <system-out/>
</testsuite> <!-- com.sauceDemo.TestClasses.TC01VerifyLoginFunctioanlity -->
