<?xml version="1.0" encoding="UTF-8"?>
<!-- Generated by org.testng.reporters.JUnitReportReporter -->
<testsuite hostname="DESKTOP-NTEESA4" failures="0" tests="1" name="com.sauceDemo.TestClasses.TC07Verifywhetherweareabletoapplythefilter" time="7.935" errors="0" timestamp="2022-02-08T12:12:45 IST" skipped="0">
  <testcase classname="com.sauceDemo.TestClasses.TC07Verifywhetherweareabletoapplythefilter" name="applyFilter" time="7.935"/>
  <system-out/>
</testsuite> <!-- com.sauceDemo.TestClasses.TC07Verifywhetherweareabletoapplythefilter -->
