<?xml version="1.0" encoding="UTF-8"?>
<!-- Generated by org.testng.reporters.JUnitReportReporter -->
<testsuite hostname="DESKTOP-NTEESA4" failures="0" tests="1" name="com.sauceDemo.TestClasses.TC02VerifyAddToCartFUnctionality" time="5.770" errors="0" timestamp="2022-02-08T12:12:45 IST" skipped="0">
  <testcase classname="com.sauceDemo.TestClasses.TC02VerifyAddToCartFUnctionality" name="VerifyAddToCart" time="5.770"/>
  <system-out/>
</testsuite> <!-- com.sauceDemo.TestClasses.TC02VerifyAddToCartFUnctionality -->
